<?xml version="1.0" encoding="UTF-8"?>
<!-- Generated by org.testng.reporters.JUnitXMLReporter -->
<testsuite ignored="0" hostname="Prayanu" failures="0" tests="4" name="Default test" time="5.252" errors="0" timestamp="2023-02-27T19:24:04 AST">
  <testcase classname="tests.AddProductTest" name="VerifyResponseBody" time="0.008"/>
  <testcase classname="tests.AddProductTest" name="VerifyResponseTime" time="0.002"/>
  <testcase classname="tests.AddProductTest" name="VerifyStatusCode" time="0.001"/>
  <testcase classname="tests.AddProductTest" name="VerifyResponseBodyValue" time="0.337"/>
</testsuite> <!-- Default test -->
