<?xml version="1.0" encoding="UTF-8"?>
<!-- Generated by org.testng.reporters.JUnitXMLReporter -->
<testsuite ignored="0" hostname="Prayanu" failures="0" tests="20" name="Test" time="22.817" errors="0" timestamp="2023-02-28T00:18:03 AST">
  <testcase classname="tests.GetAllProductTest" name="VerifyResponseTime" time="0.0"/>
  <testcase classname="tests.GetAllProductTest" name="VerifyStatusCode" time="0.0"/>
  <testcase classname="tests.GetSingleProductTest" name="VerifyResponseBody" time="0.0"/>
  <testcase classname="tests.GetSingleProductTest" name="VerifyResponseTime" time="0.0"/>
  <testcase classname="tests.GetSingleProductTest" name="VerifyStatusCode" time="0.0"/>
  <testcase classname="tests.SearchProductTest" name="verifyResponseTime" time="0.0"/>
  <testcase classname="tests.SearchProductTest" name="verifyStatusCode" time="0.0"/>
  <testcase classname="tests.AddProductTest" name="VerifyResponseBody" time="0.0"/>
  <testcase classname="tests.AddProductTest" name="VerifyResponseTime" time="0.0"/>
  <testcase classname="tests.AddProductTest" name="VerifyStatusCode" time="0.0"/>
  <testcase classname="tests.AddProductTest" name="VerifyResponseBodyValue" time="0.329"/>
  <testcase classname="tests.UpdateProductTest" name="VerifyResponseTime" time="0.0"/>
  <testcase classname="tests.UpdateProductTest" name="VerifyStatusCode" time="0.0"/>
  <testcase classname="tests.GetAllProductsCategeriesTest" name="verifyResponseTime" time="0.0"/>
  <testcase classname="tests.GetAllProductsCategeriesTest" name="verifystatuscode" time="0.0"/>
  <testcase classname="tests.GetProductOfCategoryTest" name="verifyResponseTime" time="0.0"/>
  <testcase classname="tests.GetProductOfCategoryTest" name="verifystatusCode" time="0.0"/>
  <testcase classname="tests.DeleteProductTest" name="VerifyResponseTime" time="0.0"/>
  <testcase classname="tests.DeleteProductTest" name="VerifyStatusCode" time="0.0"/>
  <testcase classname="tests.DeleteProductTest" name="Verifyjsonbody" time="0.015"/>
</testsuite> <!-- Test -->
