<?xml version="1.0" encoding="UTF-8"?>
<testsuite xmlns:xsi="http://www.w3.org/2001/XMLSchema-instance" xsi:schemaLocation="https://maven.apache.org/surefire/maven-surefire-plugin/xsd/surefire-test-report.xsd" name="TestSuite" time="23.822" tests="20" errors="0" skipped="0" failures="0">
  <properties>
[...]
</properties>
  <testcase name="VerifyResponseTime" classname="tests.GetAllProductTest" time="0.009"/>
  <testcase name="VerifyStatusCode" classname="tests.GetAllProductTest" time="0"/>
  <testcase name="VerifyResponseBody" classname="tests.GetSingleProductTest" time="0"/>
  <testcase name="VerifyResponseTime" classname="tests.GetSingleProductTest" time="0"/>
  <testcase name="VerifyStatusCode" classname="tests.GetSingleProductTest" time="0"/>
  <testcase name="verifyResponseTime" classname="tests.SearchProductTest" time="0"/>
  <testcase name="verifyStatusCode" classname="tests.SearchProductTest" time="0"/>
  <testcase name="VerifyResponseBody" classname="tests.AddProductTest" time="0"/>
  <testcase name="VerifyResponseTime" classname="tests.AddProductTest" time="0"/>
  <testcase name="VerifyStatusCode" classname="tests.AddProductTest" time="0"/>
  <testcase name="VerifyResponseBodyValue" classname="tests.AddProductTest" time="0.329"/>
  <testcase name="VerifyResponseTime" classname="tests.UpdateProductTest" time="0"/>
  <testcase name="VerifyStatusCode" classname="tests.UpdateProductTest" time="0"/>
  <testcase name="verifyResponseTime" classname="tests.GetAllProductsCategeriesTest" time="0"/>
  <testcase name="verifystatuscode" classname="tests.GetAllProductsCategeriesTest" time="0"/>
  <testcase name="verifyResponseTime" classname="tests.GetProductOfCategoryTest" time="0"/>
  <testcase name="verifystatusCode" classname="tests.GetProductOfCategoryTest" time="0"/>
  <testcase name="VerifyResponseTime" classname="tests.DeleteProductTest" time="0"/>
  <testcase name="VerifyStatusCode" classname="tests.DeleteProductTest" time="0"/>
  <testcase name="Verifyjsonbody" classname="tests.DeleteProductTest" time="0.015"/>
</testsuite>